# JRE version: Java(TM) SE Runtime Environment (8.0_121-b13) (build 1.8.0_121-b13)
# Java VM: Java HotSpot(TM) 64-Bit Server VM (25.121-b13 mixed mode bsd-amd64 compressed oops)
Heap:
 PSYoungGen      total 57344K, used 23233K [0x0000000780000000, 0x0000000787000000, 0x00000007c0000000)
  eden space 49152K, 47% used [0x0000000780000000,0x00000007816b05c0,0x0000000783000000)
  from space 8192K, 0% used [0x0000000783000000,0x0000000783000000,0x0000000783800000)
  to   space 8192K, 0% used [0x0000000786800000,0x0000000786800000,0x0000000787000000)
 ParOldGen       total 65024K, used 7473K [0x0000000700000000, 0x0000000703f80000, 0x0000000780000000)
  object space 65024K, 11% used [0x0000000700000000,0x000000070074c408,0x0000000703f80000)
 Metaspace       used 23300K, capacity 23614K, committed 23936K, reserved 1069056K
  class space    used 3209K, capacity 3335K, committed 3456K, reserved 1048576K
GC Heap History (8 events):
Event: 0.872 GC heap before
{Heap before GC invocations=1 (full 0):
 PSYoungGen      total 57344K, used 49152K [0x0000000780000000, 0x0000000784000000, 0x00000007c0000000)
  eden space 49152K, 100% used [0x0000000780000000,0x0000000783000000,0x0000000783000000)
  from space 8192K, 0% used [0x0000000783800000,0x0000000783800000,0x0000000784000000)
  to   space 8192K, 0% used [0x0000000783000000,0x0000000783000000,0x0000000783800000)
 ParOldGen       total 131072K, used 0K [0x0000000700000000, 0x0000000708000000, 0x0000000780000000)
  object space 131072K, 0% used [0x0000000700000000,0x0000000700000000,0x0000000708000000)
 Metaspace       used 11539K, capacity 11742K, committed 12032K, reserved 1058816K
  class space    used 1558K, capacity 1671K, committed 1792K, reserved 1048576K
Event: 0.879 GC heap after
Heap after GC invocations=1 (full 0):
 PSYoungGen      total 57344K, used 6440K [0x0000000780000000, 0x0000000784000000, 0x00000007c0000000)
  eden space 49152K, 0% used [0x0000000780000000,0x0000000780000000,0x0000000783000000)
  from space 8192K, 78% used [0x0000000783000000,0x000000078364a318,0x0000000783800000)
  to   space 8192K, 0% used [0x0000000783800000,0x0000000783800000,0x0000000784000000)
 ParOldGen       total 131072K, used 16K [0x0000000700000000, 0x0000000708000000, 0x0000000780000000)
  object space 131072K, 0% used [0x0000000700000000,0x0000000700004000,0x0000000708000000)
 Metaspace       used 11539K, capacity 11742K, committed 12032K, reserved 1058816K
  class space    used 1558K, capacity 1671K, committed 1792K, reserved 1048576K
}
Event: 16.427 GC heap before
{Heap before GC invocations=2 (full 0):
 PSYoungGen      total 57344K, used 55592K [0x0000000780000000, 0x0000000784000000, 0x00000007c0000000)
  eden space 49152K, 100% used [0x0000000780000000,0x0000000783000000,0x0000000783000000)
  from space 8192K, 78% used [0x0000000783000000,0x000000078364a318,0x0000000783800000)
  to   space 8192K, 0% used [0x0000000783800000,0x0000000783800000,0x0000000784000000)
 ParOldGen       total 131072K, used 16K [0x0000000700000000, 0x0000000708000000, 0x0000000780000000)
  object space 131072K, 0% used [0x0000000700000000,0x0000000700004000,0x0000000708000000)
 Metaspace       used 18827K, capacity 19154K, committed 19456K, reserved 1067008K
  class space    used 2592K, capacity 2725K, committed 2816K, reserved 1048576K
Event: 16.436 GC heap after
Heap after GC invocations=2 (full 0):
 PSYoungGen      total 57344K, used 8188K [0x0000000780000000, 0x0000000784000000, 0x00000007c0000000)
  eden space 49152K, 0% used [0x0000000780000000,0x0000000780000000,0x0000000783000000)
  from space 8192K, 99% used [0x0000000783800000,0x0000000783fff008,0x0000000784000000)
  to   space 8192K, 0% used [0x0000000783000000,0x0000000783000000,0x0000000783800000)
 ParOldGen       total 131072K, used 2375K [0x0000000700000000, 0x0000000708000000, 0x0000000780000000)
  object space 131072K, 1% used [0x0000000700000000,0x0000000700251e70,0x0000000708000000)
 Metaspace       used 18827K, capacity 19154K, committed 19456K, reserved 1067008K
  class space    used 2592K, capacity 2725K, committed 2816K, reserved 1048576K
}
Event: 16.567 GC heap before
{Heap before GC invocations=3 (full 0):
 PSYoungGen      total 57344K, used 23501K [0x0000000780000000, 0x0000000784000000, 0x00000007c0000000)
  eden space 49152K, 31% used [0x0000000780000000,0x0000000780ef4698,0x0000000783000000)
  from space 8192K, 99% used [0x0000000783800000,0x0000000783fff008,0x0000000784000000)
  to   space 8192K, 0% used [0x0000000783000000,0x0000000783000000,0x0000000783800000)
 ParOldGen       total 131072K, used 2375K [0x0000000700000000, 0x0000000708000000, 0x0000000780000000)
  object space 131072K, 1% used [0x0000000700000000,0x0000000700251e70,0x0000000708000000)
 Metaspace       used 20808K, capacity 21074K, committed 21248K, reserved 1067008K
  class space    used 2850K, capacity 2981K, committed 3072K, reserved 1048576K
Event: 16.572 GC heap after
Heap after GC invocations=3 (full 0):
 PSYoungGen      total 57344K, used 7661K [0x0000000780000000, 0x0000000787000000, 0x00000007c0000000)
  eden space 49152K, 0% used [0x0000000780000000,0x0000000780000000,0x0000000783000000)
  from space 8192K, 93% used [0x0000000783000000,0x000000078377b6e8,0x0000000783800000)
  to   space 8192K, 0% used [0x0000000786800000,0x0000000786800000,0x0000000787000000)
 ParOldGen       total 131072K, used 2447K [0x0000000700000000, 0x0000000708000000, 0x0000000780000000)
  object space 131072K, 1% used [0x0000000700000000,0x0000000700263e80,0x0000000708000000)
 Metaspace       used 20808K, capacity 21074K, committed 21248K, reserved 1067008K
  class space    used 2850K, capacity 2981K, committed 3072K, reserved 1048576K
}
Event: 16.572 GC heap before
{Heap before GC invocations=4 (full 1):
 PSYoungGen      total 57344K, used 7661K [0x0000000780000000, 0x0000000787000000, 0x00000007c0000000)
  eden space 49152K, 0% used [0x0000000780000000,0x0000000780000000,0x0000000783000000)
  from space 8192K, 93% used [0x0000000783000000,0x000000078377b6e8,0x0000000783800000)
  to   space 8192K, 0% used [0x0000000786800000,0x0000000786800000,0x0000000787000000)
 ParOldGen       total 131072K, used 2447K [0x0000000700000000, 0x0000000708000000, 0x0000000780000000)
  object space 131072K, 1% used [0x0000000700000000,0x0000000700263e80,0x0000000708000000)
 Metaspace       used 20808K, capacity 21074K, committed 21248K, reserved 1067008K
  class space    used 2850K, capacity 2981K, committed 3072K, reserved 1048576K
Event: 16.598 GC heap after
Heap after GC invocations=4 (full 1):
 PSYoungGen      total 57344K, used 0K [0x0000000780000000, 0x0000000787000000, 0x00000007c0000000)
  eden space 49152K, 0% used [0x0000000780000000,0x0000000780000000,0x0000000783000000)
  from space 8192K, 0% used [0x0000000783000000,0x0000000783000000,0x0000000783800000)
  to   space 8192K, 0% used [0x0000000786800000,0x0000000786800000,0x0000000787000000)
 ParOldGen       total 65024K, used 7473K [0x0000000700000000, 0x0000000703f80000, 0x0000000780000000)
  object space 65024K, 11% used [0x0000000700000000,0x000000070074c408,0x0000000703f80000)
 Metaspace       used 20808K, capacity 21074K, committed 21248K, reserved 1067008K
  class space    used 2850K, capacity 2981K, committed 3072K, reserved 1048576K
}

